<?xml version="1.0" encoding="UTF-8"?>
<!-- Generated by org.testng.reporters.JUnitReportReporter -->
<testsuite skipped="0" hostname="DESKTOP-H1QP6PC" name="loginPage.Both_Correct" tests="1" failures="0" timestamp="2021-05-10T21:59:25 IST" time="48.950" errors="0">
  <testcase name="bothCorrcet" time="48.950" classname="loginPage.Both_Correct"/>
  <system-out/>
</testsuite> <!-- loginPage.Both_Correct -->
