<?xml version="1.0" encoding="UTF-8"?>
<!-- Generated by org.testng.reporters.JUnitReportReporter -->
<testsuite skipped="0" hostname="DESKTOP-H1QP6PC" name="loginPageUsingExcelSheet.Login_Page" tests="4" failures="0" timestamp="2021-05-11T11:21:22 IST" time="30.920" errors="0">
  <testcase name="login" time="3.990" classname="loginPageUsingExcelSheet.Login_Page"/>
  <system-out/>
  <testcase name="login" time="3.039" classname="loginPageUsingExcelSheet.Login_Page"/>
  <system-out/>
  <testcase name="login" time="5.169" classname="loginPageUsingExcelSheet.Login_Page"/>
  <system-out/>
  <testcase name="login" time="18.722" classname="loginPageUsingExcelSheet.Login_Page"/>
  <system-out/>
</testsuite> <!-- loginPageUsingExcelSheet.Login_Page -->
