<?xml version="1.0" encoding="UTF-8"?>
<!-- Generated by org.testng.reporters.JUnitReportReporter -->
<testsuite skipped="0" hostname="DESKTOP-H1QP6PC" name="testCases_POM.Login_TC" tests="1" failures="0" timestamp="2021-05-11T15:16:11 IST" time="307.834" errors="0">
  <testcase name="loginPage" time="307.834" classname="testCases_POM.Login_TC"/>
  <system-out/>
</testsuite> <!-- testCases_POM.Login_TC -->
