<?xml version="1.0" encoding="UTF-8"?>
<!-- Generated by org.testng.reporters.JUnitReportReporter -->
<testsuite skipped="0" hostname="DESKTOP-H1QP6PC" name="loginPage.Correct_Password" tests="1" failures="0" timestamp="2021-05-10T21:59:25 IST" time="4.711" errors="0">
  <testcase name="correctPassword" time="4.711" classname="loginPage.Correct_Password"/>
  <system-out/>
</testsuite> <!-- loginPage.Correct_Password -->
