<?xml version="1.0" encoding="UTF-8"?>
<!-- Generated by org.testng.reporters.JUnitReportReporter -->
<testsuite skipped="0" hostname="DESKTOP-H1QP6PC" name="loginPage.Both_Incorrect" tests="1" failures="0" timestamp="2021-05-10T21:59:25 IST" time="6.334" errors="0">
  <testcase name="bothIncorrect" time="6.334" classname="loginPage.Both_Incorrect"/>
  <system-out/>
</testsuite> <!-- loginPage.Both_Incorrect -->
