<?xml version="1.0" encoding="UTF-8"?>
<!-- Generated by org.testng.reporters.JUnitReportReporter -->
<testsuite skipped="0" hostname="DESKTOP-H1QP6PC" name="loginPageUsingDaraProviderTag.Login_Page" tests="4" failures="0" timestamp="2021-05-10T22:54:26 IST" time="62.275" errors="0">
  <testcase name="bothCorrcet" time="19.112" classname="loginPageUsingDaraProviderTag.Login_Page"/>
  <system-out/>
  <testcase name="bothCorrcet" time="12.494" classname="loginPageUsingDaraProviderTag.Login_Page"/>
  <system-out/>
  <testcase name="bothCorrcet" time="12.065" classname="loginPageUsingDaraProviderTag.Login_Page"/>
  <system-out/>
  <testcase name="bothCorrcet" time="18.604" classname="loginPageUsingDaraProviderTag.Login_Page"/>
  <system-out/>
</testsuite> <!-- loginPageUsingDaraProviderTag.Login_Page -->
